0 info it worked if it ends with ok
1 verbose cli [ '/usr/local/bin/node', '/usr/local/bin/npm', 'run', 'start' ]
2 info using npm@6.14.11
3 info using node@v14.16.0
4 verbose run-script [ 'prestart', 'start', 'poststart' ]
5 info lifecycle front_end_template@2.5.0~prestart: front_end_template@2.5.0
6 info lifecycle front_end_template@2.5.0~start: front_end_template@2.5.0
7 verbose lifecycle front_end_template@2.5.0~start: unsafe-perm in lifecycle true
8 verbose lifecycle front_end_template@2.5.0~start: PATH: /usr/local/lib/node_modules/npm/node_modules/npm-lifecycle/node-gyp-bin:/Users/yulii-shtel/Desktop/front-end_template-smacss/node_modules/.bin:/usr/local/bin:/usr/bin:/bin:/usr/sbin:/sbin
9 verbose lifecycle front_end_template@2.5.0~start: CWD: /Users/yulii-shtel/Desktop/front-end_template-smacss
10 silly lifecycle front_end_template@2.5.0~start: Args: [ '-c', 'webpack-dev-server --env.MODE=development' ]
11 silly lifecycle front_end_template@2.5.0~start: Returned: code: 1  signal: null
12 info lifecycle front_end_template@2.5.0~start: Failed to exec start script
13 verbose stack Error: front_end_template@2.5.0 start: `webpack-dev-server --env.MODE=development`
13 verbose stack Exit status 1
13 verbose stack     at EventEmitter.<anonymous> (/usr/local/lib/node_modules/npm/node_modules/npm-lifecycle/index.js:332:16)
13 verbose stack     at EventEmitter.emit (events.js:315:20)
13 verbose stack     at ChildProcess.<anonymous> (/usr/local/lib/node_modules/npm/node_modules/npm-lifecycle/lib/spawn.js:55:14)
13 verbose stack     at ChildProcess.emit (events.js:315:20)
13 verbose stack     at maybeClose (internal/child_process.js:1048:16)
13 verbose stack     at Process.ChildProcess._handle.onexit (internal/child_process.js:288:5)
14 verbose pkgid front_end_template@2.5.0
15 verbose cwd /Users/yulii-shtel/Desktop/front-end_template-smacss
16 verbose Darwin 20.3.0
17 verbose argv "/usr/local/bin/node" "/usr/local/bin/npm" "run" "start"
18 verbose node v14.16.0
19 verbose npm  v6.14.11
20 error code ELIFECYCLE
21 error errno 1
22 error front_end_template@2.5.0 start: `webpack-dev-server --env.MODE=development`
22 error Exit status 1
23 error Failed at the front_end_template@2.5.0 start script.
23 error This is probably not a problem with npm. There is likely additional logging output above.
24 verbose exit [ 1, true ]
